0 verbose cli /data/data/com.termux/files/usr/bin/node /data/data/com.termux/files/usr/bin/npm
1 info using npm@11.12.1
2 info using node@v25.8.2
3 silly config load:file:/data/data/com.termux/files/usr/lib/node_modules/npm/npmrc
4 silly config load:file:/data/data/com.termux/files/home/.npmrc
5 silly config load:file:/data/data/com.termux/files/usr/etc/npmrc
6 verbose title npm run build
7 verbose argv "run" "build"
8 verbose logfile logs-max:10 dir:/data/data/com.termux/files/home/.npm/_logs/2026-05-10T21_23_52_901Z-
9 verbose logfile /data/data/com.termux/files/home/.npm/_logs/2026-05-10T21_23_52_901Z-debug-0.log
10 silly logfile done cleaning log files
11 verbose stack Error: Missing script: "build"
11 verbose stack
11 verbose stack To see a list of scripts, run:
11 verbose stack   npm run
11 verbose stack     at #run (/data/data/com.termux/files/usr/lib/node_modules/npm/lib/commands/run.js:115:13)
11 verbose stack     at async RunScript.exec (/data/data/com.termux/files/usr/lib/node_modules/npm/lib/commands/run.js:44:7)
11 verbose stack     at async Npm.exec (/data/data/com.termux/files/usr/lib/node_modules/npm/lib/npm.js:193:9)
11 verbose stack     at async module.exports (/data/data/com.termux/files/usr/lib/node_modules/npm/lib/cli/entry.js:67:5)
12 error Missing script: "build"
12 error
12 error To see a list of scripts, run:
12 error   npm run
13 verbose cwd /data/data/com.termux/files/home/LiquidBounce-0.37.0
14 verbose os Linux 4.19.157-perf-g2f8c31a03b75
15 verbose node v25.8.2
16 verbose npm  v11.12.1
17 verbose exit 1
18 verbose code 1
19 error A complete log of this run can be found in: /data/data/com.termux/files/home/.npm/_logs/2026-05-10T21_23_52_901Z-debug-0.log
